--------------------------------------------------------------------------------
Release 9.2.04i Trace 
Copyright (c) 1995-2007 Xilinx, Inc.  All rights reserved.

C:\xilinx\92i\bin\nt\trce.exe -ise U:/ECE 241/Lab_12/Lab_12.ise -intstyle ise
-e 3 -s 5 -xml ALU ALU.ncd -o ALU.twr ALU.pcf -ucf ALU.ucf

Design file:              alu.ncd
Physical constraint file: alu.pcf
Device,package,speed:     xc3s100e,cp132,-5 (PRODUCTION 1.27 2007-10-19)
Report level:             error report

Environment Variable      Effect 
--------------------      ------ 
NONE                      No environment variables were set
--------------------------------------------------------------------------------

INFO:Timing:2698 - No timing constraints found, doing default enumeration.
INFO:Timing:2752 - To get complete path coverage, use the unconstrained paths 
   option. All paths that are not constrained will be reported in the 
   unconstrained paths section(s) of the report.
INFO:Timing:3339 - The clock-to-out numbers in this timing report are based on 
   a 50 Ohm transmission line loading model.  For the details of this model, 
   and for more information on accounting for different loading conditions, 
   please see the device datasheet.



Data Sheet report:
-----------------
All values displayed in nanoseconds (ns)

Pad to Pad
---------------+---------------+---------+
Source Pad     |Destination Pad|  Delay  |
---------------+---------------+---------+
A<0>           |Y<0>           |    7.320|
A<0>           |Y<1>           |    7.758|
A<0>           |Y<2>           |    9.575|
A<1>           |Y<1>           |    7.799|
A<1>           |Y<2>           |    9.381|
A<2>           |Y<2>           |    6.885|
B<0>           |Y<0>           |    6.760|
B<0>           |Y<1>           |    7.420|
B<0>           |Y<2>           |    8.974|
B<1>           |Y<1>           |    8.163|
B<1>           |Y<2>           |    9.577|
B<2>           |Y<2>           |    7.438|
OP<0>          |Y<0>           |    6.661|
OP<0>          |Y<1>           |    7.364|
OP<0>          |Y<2>           |    8.997|
OP<1>          |LED            |    5.378|
OP<1>          |Y<0>           |    6.711|
OP<1>          |Y<1>           |    6.878|
OP<1>          |Y<2>           |    7.229|
---------------+---------------+---------+


Analysis completed Tue Apr 16 17:23:04 2019 
--------------------------------------------------------------------------------

Trace Settings:
-------------------------
Trace Settings 

Peak Memory Usage: 124 MB



