Release 9.2.04i - xst J.40
Copyright (c) 1995-2007 Xilinx, Inc.  All rights reserved.
--> Parameter TMPDIR set to ./xst/projnav.tmp
CPU : 0.00 / 0.14 s | Elapsed : 0.00 / 0.00 s
 
--> Parameter xsthdpdir set to ./xst
CPU : 0.00 / 0.14 s | Elapsed : 0.00 / 0.00 s
 
--> Reading design: Lab_8_crazy_counter_mealy_machine.prj

TABLE OF CONTENTS
  1) Synthesis Options Summary
  2) HDL Compilation
  3) Design Hierarchy Analysis
  4) HDL Analysis
  5) HDL Synthesis
     5.1) HDL Synthesis Report
  6) Advanced HDL Synthesis
     6.1) Advanced HDL Synthesis Report
  7) Low Level Synthesis
  8) Partition Report
  9) Final Report
     9.1) Device utilization summary
     9.2) Partition Resource Summary
     9.3) TIMING REPORT


=========================================================================
*                      Synthesis Options Summary                        *
=========================================================================
---- Source Parameters
Input File Name                    : "Lab_8_crazy_counter_mealy_machine.prj"
Input Format                       : mixed
Ignore Synthesis Constraint File   : NO

---- Target Parameters
Output File Name                   : "Lab_8_crazy_counter_mealy_machine"
Output Format                      : NGC
Target Device                      : xc3s100e-5-cp132

---- Source Options
Top Module Name                    : Lab_8_crazy_counter_mealy_machine
Automatic FSM Extraction           : YES
FSM Encoding Algorithm             : Auto
Safe Implementation                : No
FSM Style                          : lut
RAM Extraction                     : Yes
RAM Style                          : Auto
ROM Extraction                     : Yes
Mux Style                          : Auto
Decoder Extraction                 : YES
Priority Encoder Extraction        : YES
Shift Register Extraction          : YES
Logical Shifter Extraction         : YES
XOR Collapsing                     : YES
ROM Style                          : Auto
Mux Extraction                     : YES
Resource Sharing                   : YES
Asynchronous To Synchronous        : NO
Multiplier Style                   : auto
Automatic Register Balancing       : No

---- Target Options
Add IO Buffers                     : YES
Global Maximum Fanout              : 500
Add Generic Clock Buffer(BUFG)     : 24
Register Duplication               : YES
Slice Packing                      : YES
Optimize Instantiated Primitives   : NO
Use Clock Enable                   : Yes
Use Synchronous Set                : Yes
Use Synchronous Reset              : Yes
Pack IO Registers into IOBs        : auto
Equivalent register Removal        : YES

---- General Options
Optimization Goal                  : Speed
Optimization Effort                : 1
Library Search Order               : Lab_8_crazy_counter_mealy_machine.lso
Keep Hierarchy                     : NO
RTL Output                         : Yes
Global Optimization                : AllClockNets
Read Cores                         : YES
Write Timing Constraints           : NO
Cross Clock Analysis               : NO
Hierarchy Separator                : /
Bus Delimiter                      : <>
Case Specifier                     : maintain
Slice Utilization Ratio            : 100
BRAM Utilization Ratio             : 100
Verilog 2001                       : YES
Auto BRAM Packing                  : NO
Slice Utilization Ratio Delta      : 5

=========================================================================


=========================================================================
*                          HDL Compilation                              *
=========================================================================
Compiling verilog file "Lab_8_crazy_counter_mealy_machine.vf" in library work
Module <Lab_8_crazy_counter_mealy_machine> compiled
No errors in compilation
Analysis of file <"Lab_8_crazy_counter_mealy_machine.prj"> succeeded.
 

=========================================================================
*                     Design Hierarchy Analysis                         *
=========================================================================
Analyzing hierarchy for module <Lab_8_crazy_counter_mealy_machine> in library <work>.


=========================================================================
*                            HDL Analysis                               *
=========================================================================
Analyzing top module <Lab_8_crazy_counter_mealy_machine>.
Module <Lab_8_crazy_counter_mealy_machine> is correct for synthesis.
 
    Set user-defined property "INIT =  0" for instance <XLXI_11> in unit <Lab_8_crazy_counter_mealy_machine>.
    Set user-defined property "INIT =  0" for instance <XLXI_13> in unit <Lab_8_crazy_counter_mealy_machine>.
    Set user-defined property "INIT =  0" for instance <XLXI_67> in unit <Lab_8_crazy_counter_mealy_machine>.

=========================================================================
*                           HDL Synthesis                               *
=========================================================================

Performing bidirectional port resolution...

Synthesizing Unit <Lab_8_crazy_counter_mealy_machine>.
    Related source file is "Lab_8_crazy_counter_mealy_machine.vf".
Unit <Lab_8_crazy_counter_mealy_machine> synthesized.


=========================================================================
HDL Synthesis Report

Found no macro
=========================================================================

=========================================================================
*                       Advanced HDL Synthesis                          *
=========================================================================

Loading device for application Rf_Device from file '3s100e.nph' in environment C:\xilinx\92i.

=========================================================================
Advanced HDL Synthesis Report

Macro Statistics
# Registers                                            : 3
 Flip-Flops                                            : 3

=========================================================================

=========================================================================
*                         Low Level Synthesis                           *
=========================================================================

Optimizing unit <Lab_8_crazy_counter_mealy_machine> ...

Mapping all equations...
Building and optimizing final netlist ...
Found area constraint ratio of 100 (+ 5) on block Lab_8_crazy_counter_mealy_machine, actual ratio is 0.

Final Macro Processing ...

=========================================================================
Final Register Report

Macro Statistics
# Registers                                            : 3
 Flip-Flops                                            : 3

=========================================================================

=========================================================================
*                          Partition Report                             *
=========================================================================

Partition Implementation Status
-------------------------------

  No Partitions were found in this design.

-------------------------------

=========================================================================
*                            Final Report                               *
=========================================================================
Final Results
RTL Top Level Output File Name     : Lab_8_crazy_counter_mealy_machine.ngr
Top Level Output File Name         : Lab_8_crazy_counter_mealy_machine
Output Format                      : NGC
Optimization Goal                  : Speed
Keep Hierarchy                     : NO

Design Statistics
# IOs                              : 5

Cell Usage :
# BELS                             : 19
#      AND2                        : 1
#      AND3                        : 10
#      AND4                        : 1
#      INV                         : 4
#      OR3                         : 1
#      OR4                         : 1
#      OR5                         : 1
# FlipFlops/Latches                : 3
#      FD                          : 3
# Clock Buffers                    : 1
#      BUFG                        : 1
# IO Buffers                       : 5
#      IBUF                        : 2
#      OBUF                        : 3
=========================================================================

Device utilization summary:
---------------------------

Selected Device : 3s100ecp132-5 

 Number of Slices:                       2  out of    960     0%  
 Number of Slice Flip Flops:             3  out of   1920     0%  
 Number of 4 input LUTs:                 4  out of   1920     0%  
 Number of IOs:                          5
 Number of bonded IOBs:                  5  out of     83     6%  
 Number of GCLKs:                        1  out of     24     4%  

---------------------------
Partition Resource Summary:
---------------------------

  No Partitions were found in this design.

---------------------------


=========================================================================
TIMING REPORT

NOTE: THESE TIMING NUMBERS ARE ONLY A SYNTHESIS ESTIMATE.
      FOR ACCURATE TIMING INFORMATION PLEASE REFER TO THE TRACE REPORT
      GENERATED AFTER PLACE-and-ROUTE.

Clock Information:
------------------
-----------------------------------+------------------------+-------+
Clock Signal                       | Clock buffer(FF name)  | Load  |
-----------------------------------+------------------------+-------+
CLK                                | IBUF+BUFG              | 3     |
-----------------------------------+------------------------+-------+

Asynchronous Control Signals Information:
----------------------------------------
No asynchronous control signals found in this design

Timing Summary:
---------------
Speed Grade: -5

   Minimum period: 4.433ns (Maximum Frequency: 225.594MHz)
   Minimum input arrival time before clock: 4.977ns
   Maximum output required time after clock: 4.380ns
   Maximum combinational path delay: No path found

Timing Detail:
--------------
All values displayed in nanoseconds (ns)

=========================================================================
Timing constraint: Default period analysis for Clock 'CLK'
  Clock period: 4.433ns (frequency: 225.594MHz)
  Total number of paths / destination ports: 26 / 3
-------------------------------------------------------------------------
Delay:               4.433ns (Levels of Logic = 3)
  Source:            XLXI_11 (FF)
  Destination:       XLXI_11 (FF)
  Source Clock:      CLK rising
  Destination Clock: CLK rising

  Data Path: XLXI_11 to XLXI_11
                                Gate     Net
    Cell:in->out      fanout   Delay   Delay  Logical Name (Net Name)
    ----------------------------------------  ------------
     FD:C->Q               7   0.514   0.602  XLXI_11 (S0N_OBUF)
     INV:I->O              4   0.612   0.499  S0_INV (XLXN_171)
     AND3:I0->O            1   0.612   0.357  XLXI_26 (XLXN_166)
     OR5:I2->O             1   0.612   0.357  XLXI_66 (XLXN_163)
     FD:D                      0.268          XLXI_67
    ----------------------------------------
    Total                      4.433ns (2.618ns logic, 1.815ns route)
                                       (59.1% logic, 40.9% route)

=========================================================================
Timing constraint: Default OFFSET IN BEFORE for Clock 'CLK'
  Total number of paths / destination ports: 10 / 3
-------------------------------------------------------------------------
Offset:              4.977ns (Levels of Logic = 4)
  Source:            A (PAD)
  Destination:       XLXI_11 (FF)
  Destination Clock: CLK rising

  Data Path: A to XLXI_11
                                Gate     Net
    Cell:in->out      fanout   Delay   Delay  Logical Name (Net Name)
    ----------------------------------------  ------------
     IBUF:I->O             7   1.106   0.602  A_IBUF (A_IBUF)
     INV:I->O              3   0.612   0.451  XLXI_68 (XLXN_179)
     AND3:I0->O            1   0.612   0.357  XLXI_25 (XLXN_165)
     OR5:I3->O             1   0.612   0.357  XLXI_66 (XLXN_163)
     FD:D                      0.268          XLXI_67
    ----------------------------------------
    Total                      4.977ns (3.210ns logic, 1.767ns route)
                                       (64.5% logic, 35.5% route)

=========================================================================
Timing constraint: Default OFFSET OUT AFTER for Clock 'CLK'
  Total number of paths / destination ports: 3 / 3
-------------------------------------------------------------------------
Offset:              4.380ns (Levels of Logic = 1)
  Source:            XLXI_67 (FF)
  Destination:       S2N (PAD)
  Source Clock:      CLK rising

  Data Path: XLXI_67 to S2N
                                Gate     Net
    Cell:in->out      fanout   Delay   Delay  Logical Name (Net Name)
    ----------------------------------------  ------------
     FD:C->Q               9   0.514   0.697  XLXI_67 (S2N_OBUF)
     OBUF:I->O                 3.169          S2N_OBUF (S2N)
    ----------------------------------------
    Total                      4.380ns (3.683ns logic, 0.697ns route)
                                       (84.1% logic, 15.9% route)

=========================================================================
CPU : 2.65 / 2.81 s | Elapsed : 3.00 / 3.00 s
 
--> 

Total memory usage is 163992 kilobytes

Number of errors   :    0 (   0 filtered)
Number of warnings :    0 (   0 filtered)
Number of infos    :    0 (   0 filtered)

