 command line:
   ./comparator_2b_tbw_isim_beh.exe
     -intstyle  ise
     -ipchost  localhost
     -ipcport  56061

Tue Mar 05 16:12:13 2019

Total Line Count : 95

 Elaboration time : 0.015625 sec.

 Estimate current memory usage : 151.376 Meg. 

 Total Signals          : 17
 Total Nets             : 24
 Total Signal Drivers   : 17
 Total Blocks           : 6
 Total Primitive Blocks : 2
 Total Processes        : 20
 Total Traceable Variables  : 19
 Total Scalar Nets and Variables : 107
ntrace select -o on -n /comparator_2b_tbw/A 
ntrace select -o on -n /comparator_2b_tbw/B 
ntrace select -o on -n /comparator_2b_tbw/E 
ntrace select -o on -n /comparator_2b_tbw/G 
ntrace select -o on -n /comparator_2b_tbw/L 
ntrace start 
isimrun 1000 ns 
Simulator is doing circuit initialization process.
Finished circuit initialization process.

 Simulation time 0.078125 sec.

 Estimate current memory usage : 164.09 Meg. 

Tue Mar 05 16:13:01 2019

